This file contains any messages produced by compilers while
running configure, to aid debugging if configure makes a mistake.

It was created by pykolab configure 0.1, which was
generated by GNU Autoconf 2.65.  Invocation command line was

  $ ./configure 

## --------- ##
## Platform. ##
## --------- ##

hostname = ghandalf.kanarip.com
uname -m = x86_64
uname -r = 2.6.33.6-147.fc13.x86_64
uname -s = Linux
uname -v = #1 SMP Tue Jul 6 22:32:17 UTC 2010

/usr/bin/uname -p = unknown
/bin/uname -X     = unknown

/bin/arch              = x86_64
/usr/bin/arch -k       = unknown
/usr/convex/getsysinfo = unknown
/usr/bin/hostinfo      = unknown
/bin/machine           = unknown
/usr/bin/oslevel       = unknown
/bin/universe          = unknown

PATH: /home/jmeeuwen/devel/src/kolab/kolab-python/Kolab.venv/bin
PATH: /home/jmeeuwen/devel/rpmbuild/bin
PATH: /home/jmeeuwen/bin/
PATH: /home/jmeeuwen/.gem/ruby/1.9.1/bin
PATH: /bin
PATH: /usr/bin
PATH: /usr/local/bin
PATH: /sbin
PATH: /usr/sbin
PATH: /usr/local/sbin


## ----------- ##
## Core tests. ##
## ----------- ##

configure:1735: checking for a BSD-compatible install
configure:1803: result: /usr/bin/install -c
configure:1814: checking whether build environment is sane
configure:1864: result: yes
configure:2005: checking for a thread-safe mkdir -p
configure:2044: result: /bin/mkdir -p
configure:2057: checking for gawk
configure:2073: found /bin/gawk
configure:2084: result: gawk
configure:2095: checking whether make sets $(MAKE)
configure:2117: result: yes
configure:2198: checking whether to enable maintainer-specific portions of Makefiles
configure:2207: result: no
configure:2230: checking for python
configure:2248: found /home/jmeeuwen/devel/src/kolab/kolab-python/Kolab.venv/bin/python
configure:2260: result: /home/jmeeuwen/devel/src/kolab/kolab-python/Kolab.venv/bin/python
configure:2281: checking for python version
configure:2288: result: 2.6
configure:2300: checking for python platform
configure:2307: result: linux2
configure:2314: checking for python script directory
configure:2343: result: ${prefix}/lib/python2.6/site-packages
configure:2352: checking for python extension module directory
configure:2381: result: ${exec_prefix}/lib64/python2.6/site-packages
configure:2399: checking whether ln -s works
configure:2403: result: yes
configure:2560: creating ./config.status

## ---------------------- ##
## Running config.status. ##
## ---------------------- ##

This file was extended by pykolab config.status 0.1, which was
generated by GNU Autoconf 2.65.  Invocation command line was

  CONFIG_FILES    = 
  CONFIG_HEADERS  = 
  CONFIG_LINKS    = 
  CONFIG_COMMANDS = 
  $ ./config.status 

on ghandalf.kanarip.com

config.status:760: creating Makefile
config.status:760: creating kolab/__init__.py
config.status:760: creating kolabd/__init__.py
config.status:760: creating pykolab/__init__.py

## ---------------- ##
## Cache variables. ##
## ---------------- ##

ac_cv_env_build_alias_set=
ac_cv_env_build_alias_value=
ac_cv_env_host_alias_set=
ac_cv_env_host_alias_value=
ac_cv_env_target_alias_set=
ac_cv_env_target_alias_value=
ac_cv_path_PYTHON=/home/jmeeuwen/devel/src/kolab/kolab-python/Kolab.venv/bin/python
ac_cv_path_install='/usr/bin/install -c'
ac_cv_path_mkdir=/bin/mkdir
ac_cv_prog_AWK=gawk
ac_cv_prog_make_make_set=yes
am_cv_python_platform=linux2
am_cv_python_pyexecdir='${exec_prefix}/lib64/python2.6/site-packages'
am_cv_python_pythondir='${prefix}/lib/python2.6/site-packages'
am_cv_python_version=2.6

## ----------------- ##
## Output variables. ##
## ----------------- ##

ACLOCAL='${SHELL} /home/jmeeuwen/devel/src/kolab/kolab-python/pykolab.git/missing --run aclocal-1.11'
AMTAR='${SHELL} /home/jmeeuwen/devel/src/kolab/kolab-python/pykolab.git/missing --run tar'
AUTOCONF='${SHELL} /home/jmeeuwen/devel/src/kolab/kolab-python/pykolab.git/missing --run autoconf'
AUTOHEADER='${SHELL} /home/jmeeuwen/devel/src/kolab/kolab-python/pykolab.git/missing --run autoheader'
AUTOMAKE='${SHELL} /home/jmeeuwen/devel/src/kolab/kolab-python/pykolab.git/missing --run automake-1.11'
AWK='gawk'
CYGPATH_W='echo'
DATESTAMP='Sun Aug 08 2010'
DEFS='-DPACKAGE_NAME=\"pykolab\" -DPACKAGE_TARNAME=\"pykolab\" -DPACKAGE_VERSION=\"0.1\" -DPACKAGE_STRING=\"pykolab\ 0.1\" -DPACKAGE_BUGREPORT=\"\" -DPACKAGE_URL=\"\" -DPACKAGE=\"pykolab\" -DVERSION=\"0.1\"'
ECHO_C=''
ECHO_N='-n'
ECHO_T=''
GETTEXT_PACKAGE='pykolab'
INSTALL_DATA='${INSTALL} -m 644'
INSTALL_PROGRAM='${INSTALL}'
INSTALL_SCRIPT='${INSTALL}'
INSTALL_STRIP_PROGRAM='$(install_sh) -c -s'
LIBOBJS=''
LIBS=''
LN_S='ln -s'
LTLIBOBJS=''
MAINT='#'
MAINTAINER_MODE_FALSE=''
MAINTAINER_MODE_TRUE='#'
MAKEINFO='${SHELL} /home/jmeeuwen/devel/src/kolab/kolab-python/pykolab.git/missing --run makeinfo'
MKDIR_P='/bin/mkdir -p'
PACKAGE='pykolab'
PACKAGE_BUGREPORT=''
PACKAGE_NAME='pykolab'
PACKAGE_STRING='pykolab 0.1'
PACKAGE_TARNAME='pykolab'
PACKAGE_URL=''
PACKAGE_VERSION='0.1'
PATH_SEPARATOR=':'
PYTHON='/home/jmeeuwen/devel/src/kolab/kolab-python/Kolab.venv/bin/python'
PYTHON_EXEC_PREFIX='${exec_prefix}'
PYTHON_PLATFORM='linux2'
PYTHON_PREFIX='${prefix}'
PYTHON_VERSION='2.6'
RELEASE='0.1'
SET_MAKE=''
SHELL='/bin/sh'
STRIP=''
VERSION='0.1'
am__isrc=''
am__leading_dot='.'
am__tar='${AMTAR} chof - "$$tardir"'
am__untar='${AMTAR} xf -'
bindir='${exec_prefix}/bin'
build_alias=''
datadir='${datarootdir}'
datarootdir='${prefix}/share'
docdir='${datarootdir}/doc/${PACKAGE_TARNAME}'
dvidir='${docdir}'
exec_prefix='${prefix}'
host_alias=''
htmldir='${docdir}'
includedir='${prefix}/include'
infodir='${datarootdir}/info'
install_sh='${SHELL} /home/jmeeuwen/devel/src/kolab/kolab-python/pykolab.git/install-sh'
libdir='${exec_prefix}/lib'
libexecdir='${exec_prefix}/libexec'
localedir='${datarootdir}/locale'
localstatedir='${prefix}/var'
mandir='${datarootdir}/man'
mkdir_p='/bin/mkdir -p'
oldincludedir='/usr/include'
pdfdir='${docdir}'
pkgpyexecdir='${pyexecdir}/pykolab'
pkgpythondir='${pythondir}/pykolab'
prefix='/usr/local'
program_transform_name='s,x,x,'
psdir='${docdir}'
pyexecdir='${exec_prefix}/lib64/python2.6/site-packages'
pythondir='${prefix}/lib/python2.6/site-packages'
sbindir='${exec_prefix}/sbin'
sharedstatedir='${prefix}/com'
sysconfdir='${prefix}/etc'
target_alias=''

## ----------- ##
## confdefs.h. ##
## ----------- ##

/* confdefs.h */
#define PACKAGE_NAME "pykolab"
#define PACKAGE_TARNAME "pykolab"
#define PACKAGE_VERSION "0.1"
#define PACKAGE_STRING "pykolab 0.1"
#define PACKAGE_BUGREPORT ""
#define PACKAGE_URL ""
#define PACKAGE "pykolab"
#define VERSION "0.1"

configure: exit 0
